<?xml version="1.0" encoding="UTF-8"?>
<testsuite name="com.zeroline.book.springboot.web.IndexControllerTest" tests="1" skipped="0" failures="0" errors="0" timestamp="2023-01-02T08:04:47" hostname="DESKTOP-UR455QK" time="0.259">
  <properties/>
  <testcase name="메인페이지_로딩()" classname="com.zeroline.book.springboot.web.IndexControllerTest" time="0.259"/>
  <system-out><![CDATA[17:04:42.972 [Test worker] DEBUG org.springframework.test.context.BootstrapUtils - Instantiating CacheAwareContextLoaderDelegate from class [org.springframework.test.context.cache.DefaultCacheAwareContextLoaderDelegate]
17:04:42.985 [Test worker] DEBUG org.springframework.test.context.BootstrapUtils - Instantiating BootstrapContext using constructor [public org.springframework.test.context.support.DefaultBootstrapContext(java.lang.Class,org.springframework.test.context.CacheAwareContextLoaderDelegate)]
17:04:43.022 [Test worker] DEBUG org.springframework.test.context.BootstrapUtils - Instantiating TestContextBootstrapper for test class [com.zeroline.book.springboot.web.IndexControllerTest] from class [org.springframework.boot.test.context.SpringBootTestContextBootstrapper]
17:04:43.035 [Test worker] INFO org.springframework.boot.test.context.SpringBootTestContextBootstrapper - Neither @ContextConfiguration nor @ContextHierarchy found for test class [com.zeroline.book.springboot.web.IndexControllerTest], using SpringBootContextLoader
17:04:43.039 [Test worker] DEBUG org.springframework.test.context.support.AbstractContextLoader - Did not detect default resource location for test class [com.zeroline.book.springboot.web.IndexControllerTest]: class path resource [com/zeroline/book/springboot/web/IndexControllerTest-context.xml] does not exist
17:04:43.039 [Test worker] DEBUG org.springframework.test.context.support.AbstractContextLoader - Did not detect default resource location for test class [com.zeroline.book.springboot.web.IndexControllerTest]: class path resource [com/zeroline/book/springboot/web/IndexControllerTestContext.groovy] does not exist
17:04:43.040 [Test worker] INFO org.springframework.test.context.support.AbstractContextLoader - Could not detect default resource locations for test class [com.zeroline.book.springboot.web.IndexControllerTest]: no resource found for suffixes {-context.xml, Context.groovy}.
17:04:43.040 [Test worker] INFO org.springframework.test.context.support.AnnotationConfigContextLoaderUtils - Could not detect default configuration classes for test class [com.zeroline.book.springboot.web.IndexControllerTest]: IndexControllerTest does not declare any static, non-private, non-final, nested classes annotated with @Configuration.
17:04:43.083 [Test worker] DEBUG org.springframework.test.context.support.ActiveProfilesUtils - Could not find an 'annotation declaring class' for annotation type [org.springframework.test.context.ActiveProfiles] and class [com.zeroline.book.springboot.web.IndexControllerTest]
17:04:43.171 [Test worker] DEBUG org.springframework.context.annotation.ClassPathScanningCandidateComponentProvider - Identified candidate component class: file [C:\Users\yofill\Documents\practice\freelec-springboot2-webservice\build\classes\java\main\com\zeroline\book\springboot\Application.class]
17:04:43.173 [Test worker] INFO org.springframework.boot.test.context.SpringBootTestContextBootstrapper - Found @SpringBootConfiguration com.zeroline.book.springboot.Application for test class com.zeroline.book.springboot.web.IndexControllerTest
17:04:43.272 [Test worker] DEBUG org.springframework.boot.test.context.SpringBootTestContextBootstrapper - @TestExecutionListeners is not present for class [com.zeroline.book.springboot.web.IndexControllerTest]: using defaults.
17:04:43.273 [Test worker] INFO org.springframework.boot.test.context.SpringBootTestContextBootstrapper - Loaded default TestExecutionListener class names from location [META-INF/spring.factories]: [org.springframework.boot.test.autoconfigure.restdocs.RestDocsTestExecutionListener, org.springframework.boot.test.autoconfigure.web.client.MockRestServiceServerResetTestExecutionListener, org.springframework.boot.test.autoconfigure.web.servlet.MockMvcPrintOnlyOnFailureTestExecutionListener, org.springframework.boot.test.autoconfigure.web.servlet.WebDriverTestExecutionListener, org.springframework.boot.test.autoconfigure.webservices.client.MockWebServiceServerTestExecutionListener, org.springframework.boot.test.mock.mockito.MockitoTestExecutionListener, org.springframework.boot.test.mock.mockito.ResetMocksTestExecutionListener, org.springframework.test.context.web.ServletTestExecutionListener, org.springframework.test.context.support.DirtiesContextBeforeModesTestExecutionListener, org.springframework.test.context.event.ApplicationEventsTestExecutionListener, org.springframework.test.context.support.DependencyInjectionTestExecutionListener, org.springframework.test.context.support.DirtiesContextTestExecutionListener, org.springframework.test.context.transaction.TransactionalTestExecutionListener, org.springframework.test.context.jdbc.SqlScriptsTestExecutionListener, org.springframework.test.context.event.EventPublishingTestExecutionListener]
17:04:43.293 [Test worker] INFO org.springframework.boot.test.context.SpringBootTestContextBootstrapper - Using TestExecutionListeners: [org.springframework.test.context.web.ServletTestExecutionListener@1f010bf0, org.springframework.test.context.support.DirtiesContextBeforeModesTestExecutionListener@40db2a24, org.springframework.test.context.event.ApplicationEventsTestExecutionListener@10cf09e8, org.springframework.boot.test.mock.mockito.MockitoTestExecutionListener@1921ad94, org.springframework.boot.test.autoconfigure.SpringBootDependencyInjectionTestExecutionListener@ee86bcb, org.springframework.test.context.support.DirtiesContextTestExecutionListener@177bea38, org.springframework.test.context.transaction.TransactionalTestExecutionListener@7f132176, org.springframework.test.context.jdbc.SqlScriptsTestExecutionListener@6bca7e0d, org.springframework.test.context.event.EventPublishingTestExecutionListener@2631f68c, org.springframework.boot.test.autoconfigure.restdocs.RestDocsTestExecutionListener@6ed3f258, org.springframework.boot.test.autoconfigure.web.client.MockRestServiceServerResetTestExecutionListener@8ad6665, org.springframework.boot.test.autoconfigure.web.servlet.MockMvcPrintOnlyOnFailureTestExecutionListener@30af5b6b, org.springframework.boot.test.autoconfigure.web.servlet.WebDriverTestExecutionListener@19835e64, org.springframework.boot.test.autoconfigure.webservices.client.MockWebServiceServerTestExecutionListener@68b32e3e, org.springframework.boot.test.mock.mockito.ResetMocksTestExecutionListener@bcef303]
17:04:43.297 [Test worker] DEBUG org.springframework.test.context.support.AbstractDirtiesContextTestExecutionListener - Before test class: context [DefaultTestContext@344f4dea testClass = IndexControllerTest, testInstance = [null], testMethod = [null], testException = [null], mergedContextConfiguration = [WebMergedContextConfiguration@1b7c473a testClass = IndexControllerTest, locations = '{}', classes = '{class com.zeroline.book.springboot.Application}', contextInitializerClasses = '[]', activeProfiles = '{}', propertySourceLocations = '{}', propertySourceProperties = '{org.springframework.boot.test.context.SpringBootTestContextBootstrapper=true, server.port=0}', contextCustomizers = set[org.springframework.boot.test.autoconfigure.actuate.metrics.MetricsExportContextCustomizerFactory$DisableMetricExportContextCustomizer@3ba987b8, org.springframework.boot.test.autoconfigure.properties.PropertyMappingContextCustomizer@0, org.springframework.boot.test.autoconfigure.web.servlet.WebDriverContextCustomizerFactory$Customizer@6fa51cd4, org.springframework.boot.test.context.filter.ExcludeFilterContextCustomizer@cecf639, org.springframework.boot.test.json.DuplicateJsonObjectContextCustomizerFactory$DuplicateJsonObjectContextCustomizer@7ce69770, org.springframework.boot.test.mock.mockito.MockitoContextCustomizer@0, org.springframework.boot.test.web.client.TestRestTemplateContextCustomizer@4a003cbe, org.springframework.boot.test.context.SpringBootTestArgs@1, org.springframework.boot.test.context.SpringBootTestWebEnvironment@419c5f1a], resourceBasePath = 'src/main/webapp', contextLoader = 'org.springframework.boot.test.context.SpringBootContextLoader', parent = [null]], attributes = map['org.springframework.test.context.web.ServletTestExecutionListener.activateListener' -> false]], class annotated with @DirtiesContext [false] with mode [null].
17:04:43.307 [Test worker] DEBUG org.springframework.test.context.support.DependencyInjectionTestExecutionListener - Performing dependency injection for test context [[DefaultTestContext@344f4dea testClass = IndexControllerTest, testInstance = com.zeroline.book.springboot.web.IndexControllerTest@6e950bcf, testMethod = [null], testException = [null], mergedContextConfiguration = [WebMergedContextConfiguration@1b7c473a testClass = IndexControllerTest, locations = '{}', classes = '{class com.zeroline.book.springboot.Application}', contextInitializerClasses = '[]', activeProfiles = '{}', propertySourceLocations = '{}', propertySourceProperties = '{org.springframework.boot.test.context.SpringBootTestContextBootstrapper=true, server.port=0}', contextCustomizers = set[org.springframework.boot.test.autoconfigure.actuate.metrics.MetricsExportContextCustomizerFactory$DisableMetricExportContextCustomizer@3ba987b8, org.springframework.boot.test.autoconfigure.properties.PropertyMappingContextCustomizer@0, org.springframework.boot.test.autoconfigure.web.servlet.WebDriverContextCustomizerFactory$Customizer@6fa51cd4, org.springframework.boot.test.context.filter.ExcludeFilterContextCustomizer@cecf639, org.springframework.boot.test.json.DuplicateJsonObjectContextCustomizerFactory$DuplicateJsonObjectContextCustomizer@7ce69770, org.springframework.boot.test.mock.mockito.MockitoContextCustomizer@0, org.springframework.boot.test.web.client.TestRestTemplateContextCustomizer@4a003cbe, org.springframework.boot.test.context.SpringBootTestArgs@1, org.springframework.boot.test.context.SpringBootTestWebEnvironment@419c5f1a], resourceBasePath = 'src/main/webapp', contextLoader = 'org.springframework.boot.test.context.SpringBootContextLoader', parent = [null]], attributes = map['org.springframework.test.context.web.ServletTestExecutionListener.activateListener' -> false, 'org.springframework.test.context.event.ApplicationEventsTestExecutionListener.recordApplicationEvents' -> false]]].

  .   ____          _            __ _ _
 /\\ / ___'_ __ _ _(_)_ __  __ _ \ \ \ \
( ( )\___ | '_ | '_| | '_ \/ _` | \ \ \ \
 \\/  ___)| |_)| | | | | || (_| |  ) ) ) )
  '  |____| .__|_| |_|_| |_\__, | / / / /
 =========|_|==============|___/=/_/_/_/
 :: Spring Boot ::                (v2.6.4)

2023-01-02 17:04:43.606  INFO 6480 --- [    Test worker] c.z.b.s.web.IndexControllerTest          : Starting IndexControllerTest using Java 1.8.0_331 on DESKTOP-UR455QK with PID 6480 (started by 요필 in C:\Users\yofill\Documents\practice\freelec-springboot2-webservice)
2023-01-02 17:04:43.607  INFO 6480 --- [    Test worker] c.z.b.s.web.IndexControllerTest          : No active profile set, falling back to 1 default profile: "default"
2023-01-02 17:04:44.143  INFO 6480 --- [    Test worker] .s.d.r.c.RepositoryConfigurationDelegate : Bootstrapping Spring Data JPA repositories in DEFAULT mode.
2023-01-02 17:04:44.204  INFO 6480 --- [    Test worker] .s.d.r.c.RepositoryConfigurationDelegate : Finished Spring Data repository scanning in 53 ms. Found 1 JPA repository interfaces.
2023-01-02 17:04:44.862  INFO 6480 --- [    Test worker] o.s.b.w.embedded.tomcat.TomcatWebServer  : Tomcat initialized with port(s): 0 (http)
2023-01-02 17:04:44.873  INFO 6480 --- [    Test worker] o.apache.catalina.core.StandardService   : Starting service [Tomcat]
2023-01-02 17:04:44.874  INFO 6480 --- [    Test worker] org.apache.catalina.core.StandardEngine  : Starting Servlet engine: [Apache Tomcat/9.0.58]
2023-01-02 17:04:44.968  INFO 6480 --- [    Test worker] o.a.c.c.C.[Tomcat].[localhost].[/]       : Initializing Spring embedded WebApplicationContext
2023-01-02 17:04:44.968  INFO 6480 --- [    Test worker] w.s.c.ServletWebServerApplicationContext : Root WebApplicationContext: initialization completed in 1340 ms
2023-01-02 17:04:45.012  INFO 6480 --- [    Test worker] com.zaxxer.hikari.HikariDataSource       : HikariPool-1 - Starting...
2023-01-02 17:04:45.201  INFO 6480 --- [    Test worker] com.zaxxer.hikari.HikariDataSource       : HikariPool-1 - Start completed.
2023-01-02 17:04:45.211  INFO 6480 --- [    Test worker] o.s.b.a.h2.H2ConsoleAutoConfiguration    : H2 console available at '/h2-console'. Database available at 'jdbc:h2:mem:testdb'
2023-01-02 17:04:45.492  INFO 6480 --- [    Test worker] o.hibernate.jpa.internal.util.LogHelper  : HHH000204: Processing PersistenceUnitInfo [name: default]
2023-01-02 17:04:45.561  INFO 6480 --- [    Test worker] org.hibernate.Version                    : HHH000412: Hibernate ORM core version 5.6.5.Final
2023-01-02 17:04:45.749  INFO 6480 --- [    Test worker] o.hibernate.annotations.common.Version   : HCANN000001: Hibernate Commons Annotations {5.1.2.Final}
2023-01-02 17:04:45.882  INFO 6480 --- [    Test worker] org.hibernate.dialect.Dialect            : HHH000400: Using dialect: org.hibernate.dialect.MySQL57Dialect
Hibernate: drop table if exists posts
Hibernate: create table posts (id bigint not null auto_increment, created_date datetime(6), modified_date datetime(6), author varchar(255), content TEXT not null, title varchar(500) not null, primary key (id)) engine=InnoDB
2023-01-02 17:04:46.502  INFO 6480 --- [    Test worker] o.h.e.t.j.p.i.JtaPlatformInitiator       : HHH000490: Using JtaPlatform implementation: [org.hibernate.engine.transaction.jta.platform.internal.NoJtaPlatform]
2023-01-02 17:04:46.512  INFO 6480 --- [    Test worker] j.LocalContainerEntityManagerFactoryBean : Initialized JPA EntityManagerFactory for persistence unit 'default'
2023-01-02 17:04:46.975  WARN 6480 --- [    Test worker] JpaBaseConfiguration$JpaWebConfiguration : spring.jpa.open-in-view is enabled by default. Therefore, database queries may be performed during view rendering. Explicitly configure spring.jpa.open-in-view to disable this warning
2023-01-02 17:04:47.286  INFO 6480 --- [    Test worker] o.s.b.a.w.s.WelcomePageHandlerMapping    : Adding welcome page template: index
2023-01-02 17:04:47.566  INFO 6480 --- [    Test worker] o.s.b.w.embedded.tomcat.TomcatWebServer  : Tomcat started on port(s): 56504 (http) with context path ''
2023-01-02 17:04:47.572  INFO 6480 --- [    Test worker] c.z.b.s.web.IndexControllerTest          : Started IndexControllerTest in 4.241 seconds (JVM running for 5.322)
2023-01-02 17:04:47.723  INFO 6480 --- [o-auto-1-exec-1] o.a.c.c.C.[Tomcat].[localhost].[/]       : Initializing Spring DispatcherServlet 'dispatcherServlet'
2023-01-02 17:04:47.723  INFO 6480 --- [o-auto-1-exec-1] o.s.web.servlet.DispatcherServlet        : Initializing Servlet 'dispatcherServlet'
2023-01-02 17:04:47.724  INFO 6480 --- [o-auto-1-exec-1] o.s.web.servlet.DispatcherServlet        : Completed initialization in 1 ms
]]></system-out>
  <system-err><![CDATA[]]></system-err>
</testsuite>
